<?xml version="1.0" encoding="UTF-8"?>
<testng-results ignored="0" total="1" passed="1" failed="0" skipped="0">
  <reporter-output>
  </reporter-output>
  <suite started-at="2023-09-11T11:29:16 EDT" name="Default suite" finished-at="2023-09-11T11:29:45 EDT" duration-ms="29293">
    <groups>
      <group name="cucumber">
        <method signature="AbstractTestNGCucumberTests.feature(cucumber.api.testng.CucumberFeatureWrapper)[pri:0, instance:testrunner.RunnerClass@7fd50002]" name="feature" class="cucumber.api.testng.AbstractTestNGCucumberTests"/>
      </group> <!-- cucumber -->
    </groups>
    <test started-at="2023-09-11T11:29:16 EDT" name="Default test" finished-at="2023-09-11T11:29:45 EDT" duration-ms="29293">
      <class name="testrunner.RunnerClass">
        <test-method is-config="true" signature="setUpClass()[pri:0, instance:testrunner.RunnerClass@7fd50002]" started-at="2023-09-11T11:29:16 EDT" name="setUpClass" finished-at="2023-09-11T11:29:16 EDT" duration-ms="169" status="PASS">
          <reporter-output>
          </reporter-output>
        </test-method> <!-- setUpClass -->
        <test-method signature="feature(cucumber.api.testng.CucumberFeatureWrapper)[pri:0, instance:testrunner.RunnerClass@7fd50002]" started-at="2023-09-11T11:29:16 EDT" name="feature" description="Runs Cucumber Feature" data-provider="features" finished-at="2023-09-11T11:29:45 EDT" duration-ms="29008" status="PASS">
          <params>
            <param index="0">
              <value>
                <![CDATA[]]>
              </value>
            </param>
          </params>
          <reporter-output>
          </reporter-output>
        </test-method> <!-- feature -->
        <test-method is-config="true" signature="tearDownClass()[pri:0, instance:testrunner.RunnerClass@7fd50002]" started-at="2023-09-11T11:29:45 EDT" name="tearDownClass" finished-at="2023-09-11T11:29:45 EDT" duration-ms="11" status="PASS">
          <reporter-output>
          </reporter-output>
        </test-method> <!-- tearDownClass -->
      </class> <!-- testrunner.RunnerClass -->
    </test> <!-- Default test -->
  </suite> <!-- Default suite -->
</testng-results>
